<?xml version="1.0" encoding="UTF-8"?>
<coverage generated="1691014804384" clover="3.2.0">
  <project timestamp="1691014804384" name="All files">
    <metrics statements="31" coveredstatements="27" conditionals="6" coveredconditionals="1" methods="10" coveredmethods="8" elements="47" coveredelements="36" complexity="0" loc="31" ncloc="31" packages="3" files="7" classes="7"/>
    <package name="promptComponents">
      <metrics statements="6" coveredstatements="6" conditionals="0" coveredconditionals="0" methods="3" coveredmethods="3"/>
      <file name="button.js" path="/Users/oz/team3/the-final-project/frontend/components/promptComponents/button.js">
        <metrics statements="2" coveredstatements="2" conditionals="0" coveredconditionals="0" methods="1" coveredmethods="1"/>
        <line num="5" count="1" type="stmt"/>
        <line num="6" count="1" type="stmt"/>
      </file>
      <file name="generateButton.js" path="/Users/oz/team3/the-final-project/frontend/components/promptComponents/generateButton.js">
        <metrics statements="2" coveredstatements="2" conditionals="0" coveredconditionals="0" methods="1" coveredmethods="1"/>
        <line num="5" count="1" type="stmt"/>
        <line num="6" count="1" type="stmt"/>
      </file>
      <file name="promptCard.js" path="/Users/oz/team3/the-final-project/frontend/components/promptComponents/promptCard.js">
        <metrics statements="2" coveredstatements="2" conditionals="0" coveredconditionals="0" methods="1" coveredmethods="1"/>
        <line num="5" count="1" type="stmt"/>
        <line num="6" count="1" type="stmt"/>
      </file>
    </package>
    <package name="scrollComponents">
      <metrics statements="23" coveredstatements="19" conditionals="6" coveredconditionals="1" methods="7" coveredmethods="5"/>
      <file name="buildingCards.js" path="/Users/oz/team3/the-final-project/frontend/components/scrollComponents/buildingCards.js">
        <metrics statements="9" coveredstatements="8" conditionals="2" coveredconditionals="1" methods="2" coveredmethods="1"/>
        <line num="6" count="1" type="stmt"/>
        <line num="7" count="1" type="stmt"/>
        <line num="8" count="1" type="stmt"/>
        <line num="9" count="1" type="stmt"/>
        <line num="11" count="1" type="stmt"/>
        <line num="12" count="1" type="stmt"/>
        <line num="13" count="0" type="stmt"/>
        <line num="16" count="1" type="stmt"/>
        <line num="18" count="1" type="stmt"/>
      </file>
      <file name="typeBox.js" path="/Users/oz/team3/the-final-project/frontend/components/scrollComponents/typeBox.js">
        <metrics statements="14" coveredstatements="11" conditionals="4" coveredconditionals="0" methods="5" coveredmethods="4"/>
        <line num="5" count="1" type="stmt"/>
        <line num="6" count="2" type="stmt"/>
        <line num="8" count="2" type="stmt"/>
        <line num="10" count="2" type="stmt"/>
        <line num="11" count="1" type="stmt"/>
        <line num="12" count="1" type="stmt"/>
        <line num="13" count="0" type="cond" truecount="0" falsecount="4"/>
        <line num="14" count="0" type="stmt"/>
        <line num="15" count="0" type="stmt"/>
        <line num="18" count="1" type="stmt"/>
        <line num="21" count="2" type="stmt"/>
        <line num="22" count="2" type="stmt"/>
        <line num="29" count="4" type="stmt"/>
        <line num="36" count="2" type="stmt"/>
      </file>
    </package>
    <package name="styles">
      <metrics statements="2" coveredstatements="2" conditionals="0" coveredconditionals="0" methods="0" coveredmethods="0"/>
      <file name="promptStyles.js" path="/Users/oz/team3/the-final-project/frontend/components/styles/promptStyles.js">
        <metrics statements="1" coveredstatements="1" conditionals="0" coveredconditionals="0" methods="0" coveredmethods="0"/>
        <line num="5" count="3" type="stmt"/>
      </file>
      <file name="scrollStyles.js" path="/Users/oz/team3/the-final-project/frontend/components/styles/scrollStyles.js">
        <metrics statements="1" coveredstatements="1" conditionals="0" coveredconditionals="0" methods="0" coveredmethods="0"/>
        <line num="5" count="2" type="stmt"/>
      </file>
    </package>
  </project>
</coverage>
