{"/Users/oz/team3/the-final-project/frontend/components/promptComponents/button.js": {"path":"/Users/oz/team3/the-final-project/frontend/components/promptComponents/button.js","statementMap":{"0":{"start":{"line":5,"column":24},"end":{"line":11,"column":1}},"1":{"start":{"line":6,"column":2},"end":{"line":10,"column":4}}},"fnMap":{"0":{"name":"(anonymous_0)","decl":{"start":{"line":5,"column":24},"end":{"line":5,"column":25}},"loc":{"start":{"line":5,"column":38},"end":{"line":11,"column":1}},"line":5}},"branchMap":{},"s":{"0":1,"1":1},"f":{"0":1},"b":{},"_coverageSchema":"1a1c01bbd47fc00a2c39e90264f33305004495a9","hash":"1a55d681a1a176e4d79bc8bd26f37ee5f9a4acb2"}
,"/Users/oz/team3/the-final-project/frontend/components/promptComponents/generateButton.js": {"path":"/Users/oz/team3/the-final-project/frontend/components/promptComponents/generateButton.js","statementMap":{"0":{"start":{"line":5,"column":26},"end":{"line":11,"column":1}},"1":{"start":{"line":6,"column":2},"end":{"line":10,"column":4}}},"fnMap":{"0":{"name":"(anonymous_0)","decl":{"start":{"line":5,"column":26},"end":{"line":5,"column":27}},"loc":{"start":{"line":5,"column":40},"end":{"line":11,"column":1}},"line":5}},"branchMap":{},"s":{"0":1,"1":1},"f":{"0":1},"b":{},"_coverageSchema":"1a1c01bbd47fc00a2c39e90264f33305004495a9","hash":"40b30b7ac81b9cc6329e9644cd1be0f13a6bf53a"}
,"/Users/oz/team3/the-final-project/frontend/components/promptComponents/promptCard.js": {"path":"/Users/oz/team3/the-final-project/frontend/components/promptComponents/promptCard.js","statementMap":{"0":{"start":{"line":5,"column":28},"end":{"line":12,"column":1}},"1":{"start":{"line":6,"column":2},"end":{"line":11,"column":4}}},"fnMap":{"0":{"name":"(anonymous_0)","decl":{"start":{"line":5,"column":28},"end":{"line":5,"column":29}},"loc":{"start":{"line":5,"column":59},"end":{"line":12,"column":1}},"line":5}},"branchMap":{},"s":{"0":1,"1":1},"f":{"0":1},"b":{},"_coverageSchema":"1a1c01bbd47fc00a2c39e90264f33305004495a9","hash":"5a1b1503df8787bc2da8f3f373be354c18032f9f"}
,"/Users/oz/team3/the-final-project/frontend/components/scrollComponents/buildingCards.js": {"path":"/Users/oz/team3/the-final-project/frontend/components/scrollComponents/buildingCards.js","statementMap":{"0":{"start":{"line":6,"column":30},"end":{"line":37,"column":1}},"1":{"start":{"line":7,"column":2},"end":{"line":7,"column":37}},"2":{"start":{"line":8,"column":2},"end":{"line":8,"column":29}},"3":{"start":{"line":9,"column":2},"end":{"line":9,"column":43}},"4":{"start":{"line":11,"column":21},"end":{"line":11,"column":36}},"5":{"start":{"line":12,"column":30},"end":{"line":14,"column":3}},"6":{"start":{"line":13,"column":4},"end":{"line":13,"column":68}},"7":{"start":{"line":16,"column":19},"end":{"line":16,"column":37}},"8":{"start":{"line":18,"column":2},"end":{"line":36,"column":4}}},"fnMap":{"0":{"name":"(anonymous_0)","decl":{"start":{"line":6,"column":30},"end":{"line":6,"column":31}},"loc":{"start":{"line":6,"column":66},"end":{"line":37,"column":1}},"line":6},"1":{"name":"(anonymous_1)","decl":{"start":{"line":12,"column":30},"end":{"line":12,"column":31}},"loc":{"start":{"line":12,"column":36},"end":{"line":14,"column":3}},"line":12}},"branchMap":{"0":{"loc":{"start":{"line":21,"column":11},"end":{"line":30,"column":9}},"type":"cond-expr","locations":[{"start":{"line":22,"column":12},"end":{"line":25,"column":14}},{"start":{"line":27,"column":12},"end":{"line":29,"column":17}}],"line":21}},"s":{"0":1,"1":1,"2":1,"3":1,"4":1,"5":1,"6":0,"7":1,"8":1},"f":{"0":1,"1":0},"b":{"0":[0,1]},"_coverageSchema":"1a1c01bbd47fc00a2c39e90264f33305004495a9","hash":"d796cc9e0d391d7585ba6736295e3fea57d41d33"}
,"/Users/oz/team3/the-final-project/frontend/components/scrollComponents/typeBox.js": {"path":"/Users/oz/team3/the-final-project/frontend/components/scrollComponents/typeBox.js","statementMap":{"0":{"start":{"line":5,"column":25},"end":{"line":41,"column":1}},"1":{"start":{"line":6,"column":42},"end":{"line":6,"column":54}},"2":{"start":{"line":8,"column":22},"end":{"line":8,"column":32}},"3":{"start":{"line":10,"column":2},"end":{"line":19,"column":28}},"4":{"start":{"line":11,"column":22},"end":{"line":11,"column":24}},"5":{"start":{"line":12,"column":4},"end":{"line":17,"column":7}},"6":{"start":{"line":13,"column":6},"end":{"line":16,"column":7}},"7":{"start":{"line":14,"column":26},"end":{"line":14,"column":53}},"8":{"start":{"line":15,"column":8},"end":{"line":15,"column":50}},"9":{"start":{"line":18,"column":4},"end":{"line":18,"column":31}},"10":{"start":{"line":21,"column":24},"end":{"line":34,"column":3}},"11":{"start":{"line":22,"column":4},"end":{"line":33,"column":6}},"12":{"start":{"line":29,"column":23},"end":{"line":29,"column":54}},"13":{"start":{"line":36,"column":2},"end":{"line":40,"column":4}}},"fnMap":{"0":{"name":"(anonymous_0)","decl":{"start":{"line":5,"column":25},"end":{"line":5,"column":26}},"loc":{"start":{"line":5,"column":39},"end":{"line":41,"column":1}},"line":5},"1":{"name":"(anonymous_1)","decl":{"start":{"line":10,"column":18},"end":{"line":10,"column":19}},"loc":{"start":{"line":10,"column":24},"end":{"line":19,"column":3}},"line":10},"2":{"name":"(anonymous_2)","decl":{"start":{"line":12,"column":32},"end":{"line":12,"column":33}},"loc":{"start":{"line":12,"column":41},"end":{"line":17,"column":5}},"line":12},"3":{"name":"(anonymous_3)","decl":{"start":{"line":21,"column":24},"end":{"line":21,"column":25}},"loc":{"start":{"line":21,"column":34},"end":{"line":34,"column":3}},"line":21},"4":{"name":"(anonymous_4)","decl":{"start":{"line":29,"column":13},"end":{"line":29,"column":14}},"loc":{"start":{"line":29,"column":23},"end":{"line":29,"column":54}},"line":29}},"branchMap":{"0":{"loc":{"start":{"line":13,"column":6},"end":{"line":16,"column":7}},"type":"if","locations":[{"start":{"line":13,"column":6},"end":{"line":16,"column":7}},{"start":{},"end":{}}],"line":13},"1":{"loc":{"start":{"line":13,"column":10},"end":{"line":13,"column":28}},"type":"binary-expr","locations":[{"start":{"line":13,"column":10},"end":{"line":13,"column":13}},{"start":{"line":13,"column":17},"end":{"line":13,"column":28}}],"line":13}},"s":{"0":1,"1":2,"2":2,"3":2,"4":1,"5":1,"6":0,"7":0,"8":0,"9":1,"10":2,"11":2,"12":4,"13":2},"f":{"0":2,"1":1,"2":0,"3":2,"4":4},"b":{"0":[0,0],"1":[0,0]},"_coverageSchema":"1a1c01bbd47fc00a2c39e90264f33305004495a9","hash":"32ff6f75a993ebceea5074f89afd2ba764a36b3d"}
,"/Users/oz/team3/the-final-project/frontend/components/styles/promptStyles.js": {"path":"/Users/oz/team3/the-final-project/frontend/components/styles/promptStyles.js","statementMap":{"0":{"start":{"line":5,"column":21},"end":{"line":100,"column":2}}},"fnMap":{},"branchMap":{},"s":{"0":3},"f":{},"b":{},"_coverageSchema":"1a1c01bbd47fc00a2c39e90264f33305004495a9","hash":"94196a42355814808380e8fa51262fc138b748f9"}
,"/Users/oz/team3/the-final-project/frontend/components/styles/scrollStyles.js": {"path":"/Users/oz/team3/the-final-project/frontend/components/styles/scrollStyles.js","statementMap":{"0":{"start":{"line":5,"column":21},"end":{"line":98,"column":2}}},"fnMap":{},"branchMap":{},"s":{"0":2},"f":{},"b":{},"_coverageSchema":"1a1c01bbd47fc00a2c39e90264f33305004495a9","hash":"966926f135753d43c853f3519c8b83e68c75eddd"}
}
