{"/Users/oz/team3/the-final-project/api/app.js": {"path":"/Users/oz/team3/the-final-project/api/app.js","statementMap":{"0":{"start":{"line":1,"column":0},"end":{"line":1,"column":27}},"1":{"start":{"line":2,"column":16},"end":{"line":2,"column":34}},"2":{"start":{"line":3,"column":13},"end":{"line":3,"column":28}},"3":{"start":{"line":4,"column":21},"end":{"line":4,"column":45}},"4":{"start":{"line":5,"column":15},"end":{"line":5,"column":32}},"5":{"start":{"line":6,"column":13},"end":{"line":6,"column":28}},"6":{"start":{"line":11,"column":23},"end":{"line":11,"column":57}},"7":{"start":{"line":12,"column":19},"end":{"line":12,"column":43}},"8":{"start":{"line":15,"column":12},"end":{"line":15,"column":21}},"9":{"start":{"line":20,"column":0},"end":{"line":20,"column":23}},"10":{"start":{"line":21,"column":0},"end":{"line":21,"column":24}},"11":{"start":{"line":22,"column":0},"end":{"line":22,"column":49}},"12":{"start":{"line":23,"column":0},"end":{"line":23,"column":24}},"13":{"start":{"line":24,"column":0},"end":{"line":24,"column":56}},"14":{"start":{"line":26,"column":0},"end":{"line":26,"column":16}},"15":{"start":{"line":28,"column":0},"end":{"line":28,"column":38}},"16":{"start":{"line":30,"column":0},"end":{"line":30,"column":29}},"17":{"start":{"line":33,"column":0},"end":{"line":35,"column":3}},"18":{"start":{"line":34,"column":2},"end":{"line":34,"column":22}},"19":{"start":{"line":37,"column":0},"end":{"line":37,"column":21}}},"fnMap":{"0":{"name":"(anonymous_0)","decl":{"start":{"line":33,"column":13},"end":{"line":33,"column":14}},"loc":{"start":{"line":33,"column":27},"end":{"line":35,"column":1}},"line":33}},"branchMap":{},"s":{"0":2,"1":2,"2":2,"3":2,"4":2,"5":2,"6":2,"7":2,"8":2,"9":2,"10":2,"11":2,"12":2,"13":2,"14":2,"15":2,"16":2,"17":2,"18":0,"19":2},"f":{"0":0},"b":{},"_coverageSchema":"1a1c01bbd47fc00a2c39e90264f33305004495a9","hash":"50db50f97ddafdd40255e35979c837b146822ef5"}
,"/Users/oz/team3/the-final-project/api/controllers/buildingController.js": {"path":"/Users/oz/team3/the-final-project/api/controllers/buildingController.js","statementMap":{"0":{"start":{"line":1,"column":14},"end":{"line":1,"column":30}},"1":{"start":{"line":2,"column":12},"end":{"line":2,"column":29}},"2":{"start":{"line":3,"column":27},"end":{"line":65,"column":5}},"3":{"start":{"line":5,"column":8},"end":{"line":32,"column":9}},"4":{"start":{"line":6,"column":42},"end":{"line":6,"column":51}},"5":{"start":{"line":7,"column":25},"end":{"line":7,"column":56}},"6":{"start":{"line":8,"column":25},"end":{"line":8,"column":29}},"7":{"start":{"line":9,"column":28},"end":{"line":9,"column":172}},"8":{"start":{"line":10,"column":25},"end":{"line":10,"column":170}},"9":{"start":{"line":12,"column":10},"end":{"line":12,"column":42}},"10":{"start":{"line":13,"column":27},"end":{"line":13,"column":50}},"11":{"start":{"line":14,"column":10},"end":{"line":14,"column":82}},"12":{"start":{"line":15,"column":25},"end":{"line":15,"column":46}},"13":{"start":{"line":16,"column":10},"end":{"line":18,"column":11}},"14":{"start":{"line":17,"column":12},"end":{"line":17,"column":87}},"15":{"start":{"line":19,"column":28},"end":{"line":27,"column":13}},"16":{"start":{"line":19,"column":67},"end":{"line":27,"column":11}},"17":{"start":{"line":28,"column":10},"end":{"line":28,"column":37}},"18":{"start":{"line":30,"column":10},"end":{"line":30,"column":58}},"19":{"start":{"line":31,"column":10},"end":{"line":31,"column":76}},"20":{"start":{"line":35,"column":8},"end":{"line":63,"column":9}},"21":{"start":{"line":36,"column":26},"end":{"line":36,"column":39}},"22":{"start":{"line":37,"column":25},"end":{"line":37,"column":56}},"23":{"start":{"line":38,"column":27},"end":{"line":40,"column":11}},"24":{"start":{"line":41,"column":25},"end":{"line":44,"column":13}},"25":{"start":{"line":41,"column":81},"end":{"line":44,"column":11}},"26":{"start":{"line":45,"column":27},"end":{"line":58,"column":11}},"27":{"start":{"line":59,"column":10},"end":{"line":59,"column":36}},"28":{"start":{"line":61,"column":10},"end":{"line":61,"column":65}},"29":{"start":{"line":62,"column":10},"end":{"line":62,"column":76}},"30":{"start":{"line":66,"column":0},"end":{"line":66,"column":36}}},"fnMap":{"0":{"name":"(anonymous_0)","decl":{"start":{"line":4,"column":24},"end":{"line":4,"column":25}},"loc":{"start":{"line":4,"column":44},"end":{"line":33,"column":7}},"line":4},"1":{"name":"(anonymous_1)","decl":{"start":{"line":19,"column":54},"end":{"line":19,"column":55}},"loc":{"start":{"line":19,"column":67},"end":{"line":27,"column":11}},"line":19},"2":{"name":"(anonymous_2)","decl":{"start":{"line":34,"column":26},"end":{"line":34,"column":27}},"loc":{"start":{"line":34,"column":46},"end":{"line":64,"column":7}},"line":34},"3":{"name":"(anonymous_3)","decl":{"start":{"line":41,"column":69},"end":{"line":41,"column":70}},"loc":{"start":{"line":41,"column":81},"end":{"line":44,"column":11}},"line":41}},"branchMap":{"0":{"loc":{"start":{"line":16,"column":10},"end":{"line":18,"column":11}},"type":"if","locations":[{"start":{"line":16,"column":10},"end":{"line":18,"column":11}},{"start":{},"end":{}}],"line":16},"1":{"loc":{"start":{"line":16,"column":14},"end":{"line":16,"column":46}},"type":"binary-expr","locations":[{"start":{"line":16,"column":14},"end":{"line":16,"column":22}},{"start":{"line":16,"column":26},"end":{"line":16,"column":46}}],"line":16}},"s":{"0":2,"1":2,"2":2,"3":1,"4":1,"5":1,"6":1,"7":1,"8":1,"9":1,"10":1,"11":1,"12":1,"13":1,"14":0,"15":1,"16":1,"17":1,"18":0,"19":0,"20":0,"21":0,"22":0,"23":0,"24":0,"25":0,"26":0,"27":0,"28":0,"29":0,"30":2},"f":{"0":1,"1":1,"2":0,"3":0},"b":{"0":[0,1],"1":[1,1]},"_coverageSchema":"1a1c01bbd47fc00a2c39e90264f33305004495a9","hash":"b6209ec0271a28ae39051917d559fdc2329a229b"}
,"/Users/oz/team3/the-final-project/api/controllers/chatController.js": {"path":"/Users/oz/team3/the-final-project/api/controllers/chatController.js","statementMap":{"0":{"start":{"line":1,"column":14},"end":{"line":1,"column":30}},"1":{"start":{"line":2,"column":37},"end":{"line":2,"column":54}},"2":{"start":{"line":3,"column":22},"end":{"line":3,"column":56}},"3":{"start":{"line":5,"column":23},"end":{"line":48,"column":1}},"4":{"start":{"line":8,"column":22},"end":{"line":8,"column":41}},"5":{"start":{"line":12,"column":26},"end":{"line":14,"column":6}},"6":{"start":{"line":16,"column":4},"end":{"line":23,"column":5}},"7":{"start":{"line":17,"column":6},"end":{"line":21,"column":9}},"8":{"start":{"line":22,"column":6},"end":{"line":22,"column":13}},"9":{"start":{"line":25,"column":4},"end":{"line":46,"column":5}},"10":{"start":{"line":27,"column":28},"end":{"line":27,"column":47}},"11":{"start":{"line":29,"column":21},"end":{"line":29,"column":49}},"12":{"start":{"line":32,"column":21},"end":{"line":32,"column":61}},"13":{"start":{"line":34,"column":25},"end":{"line":37,"column":10}},"14":{"start":{"line":38,"column":6},"end":{"line":38,"column":54}},"15":{"start":{"line":39,"column":6},"end":{"line":39,"column":62}},"16":{"start":{"line":41,"column":27},"end":{"line":41,"column":69}},"17":{"start":{"line":42,"column":6},"end":{"line":42,"column":64}},"18":{"start":{"line":44,"column":6},"end":{"line":44,"column":25}},"19":{"start":{"line":45,"column":6},"end":{"line":45,"column":81}},"20":{"start":{"line":50,"column":0},"end":{"line":50,"column":32}}},"fnMap":{"0":{"name":"(anonymous_0)","decl":{"start":{"line":6,"column":16},"end":{"line":6,"column":17}},"loc":{"start":{"line":6,"column":36},"end":{"line":47,"column":3}},"line":6}},"branchMap":{"0":{"loc":{"start":{"line":16,"column":4},"end":{"line":23,"column":5}},"type":"if","locations":[{"start":{"line":16,"column":4},"end":{"line":23,"column":5}},{"start":{},"end":{}}],"line":16}},"s":{"0":2,"1":2,"2":2,"3":2,"4":1,"5":1,"6":1,"7":1,"8":1,"9":0,"10":0,"11":0,"12":0,"13":0,"14":0,"15":0,"16":0,"17":0,"18":0,"19":0,"20":2},"f":{"0":1},"b":{"0":[1,0]},"_coverageSchema":"1a1c01bbd47fc00a2c39e90264f33305004495a9","hash":"6468bb41f595dd4a35de2e44981aec46b0ae3642"}
,"/Users/oz/team3/the-final-project/api/models/promptbuilder.js": {"path":"/Users/oz/team3/the-final-project/api/models/promptbuilder.js","statementMap":{"0":{"start":{"line":10,"column":26},"end":{"line":15,"column":5}},"1":{"start":{"line":18,"column":19},"end":{"line":18,"column":32}},"2":{"start":{"line":19,"column":4},"end":{"line":19,"column":24}},"3":{"start":{"line":20,"column":4},"end":{"line":20,"column":18}},"4":{"start":{"line":24,"column":0},"end":{"line":24,"column":31}}},"fnMap":{"0":{"name":"(anonymous_0)","decl":{"start":{"line":8,"column":2},"end":{"line":8,"column":3}},"loc":{"start":{"line":8,"column":29},"end":{"line":21,"column":3}},"line":8}},"branchMap":{},"s":{"0":0,"1":0,"2":0,"3":0,"4":2},"f":{"0":0},"b":{},"_coverageSchema":"1a1c01bbd47fc00a2c39e90264f33305004495a9","hash":"17e7aaa7c25edaa77b67978ca2b80b61ece88c84"}
,"/Users/oz/team3/the-final-project/api/routes/buildingRoutes.js": {"path":"/Users/oz/team3/the-final-project/api/routes/buildingRoutes.js","statementMap":{"0":{"start":{"line":1,"column":16},"end":{"line":1,"column":34}},"1":{"start":{"line":2,"column":15},"end":{"line":2,"column":31}},"2":{"start":{"line":3,"column":14},"end":{"line":3,"column":30}},"3":{"start":{"line":5,"column":27},"end":{"line":5,"column":71}},"4":{"start":{"line":8,"column":0},"end":{"line":8,"column":55}},"5":{"start":{"line":9,"column":0},"end":{"line":9,"column":58}},"6":{"start":{"line":11,"column":0},"end":{"line":11,"column":24}}},"fnMap":{},"branchMap":{},"s":{"0":2,"1":2,"2":2,"3":2,"4":2,"5":2,"6":2},"f":{},"b":{},"_coverageSchema":"1a1c01bbd47fc00a2c39e90264f33305004495a9","hash":"cde33591ff70429f3a812ec510728fa098b37003"}
,"/Users/oz/team3/the-final-project/api/routes/chat.js": {"path":"/Users/oz/team3/the-final-project/api/routes/chat.js","statementMap":{"0":{"start":{"line":1,"column":16},"end":{"line":1,"column":34}},"1":{"start":{"line":2,"column":15},"end":{"line":2,"column":31}},"2":{"start":{"line":4,"column":23},"end":{"line":4,"column":63}},"3":{"start":{"line":6,"column":0},"end":{"line":6,"column":45}},"4":{"start":{"line":12,"column":0},"end":{"line":12,"column":24}}},"fnMap":{},"branchMap":{},"s":{"0":2,"1":2,"2":2,"3":2,"4":2},"f":{},"b":{},"_coverageSchema":"1a1c01bbd47fc00a2c39e90264f33305004495a9","hash":"119b12d7b397683fb00e7b8afca8b5e04170394c"}
}
